KanjiDroid/manifest-merger-release-report.txt
-- Merging decision tree log ---
manifest
ADDED from AndroidManifest.xml:21:1
	package
		ADDED from AndroidManifest.xml:23:5
		INJECTED from AndroidManifest.xml:0:0
		INJECTED from AndroidManifest.xml:0:0
	android:versionName
		ADDED from AndroidManifest.xml:26:5
	xmlns:tools
		ADDED from AndroidManifest.xml:22:5
	android:versionCode
		ADDED from AndroidManifest.xml:25:5
		INJECTED from AndroidManifest.xml:0:0
		INJECTED from AndroidManifest.xml:0:0
	xmlns:android
		ADDED from AndroidManifest.xml:21:11
	android:installLocation
		ADDED from AndroidManifest.xml:24:5
uses-sdk
ADDED from AndroidManifest.xml:27:5
MERGED from com.android.support:design:22.2.1:20:5
MERGED from com.android.support:appcompat-v7:22.2.1:20:5
MERGED from com.android.support:support-v4:22.2.1:20:5
MERGED from com.android.support:support-v4:22.2.1:20:5
MERGED from com.afollestad:material-dialogs:0.7.6.0:8:5
MERGED from com.android.support:support-v4:22.2.1:20:5
MERGED from com.android.support:appcompat-v7:22.2.1:20:5
MERGED from com.android.support:support-v4:22.2.1:20:5
MERGED from com.android.support:recyclerview-v7:22.2.0:20:5
MERGED from com.android.support:support-v4:22.2.1:20:5
MERGED from net.i2p.android.ext:floatingactionbutton:1.9.0:8:5
MERGED from aokk:library:unspecified:8:5
MERGED from aokk:libkanjitree:unspecified:8:5
	android:targetSdkVersion
		ADDED from AndroidManifest.xml:27:42
		INJECTED from AndroidManifest.xml:0:0
		INJECTED from AndroidManifest.xml:0:0
	android:minSdkVersion
		ADDED from AndroidManifest.xml:27:15
		INJECTED from AndroidManifest.xml:0:0
		INJECTED from AndroidManifest.xml:0:0
uses-permission#android.permission.WRITE_EXTERNAL_STORAGE
ADDED from AndroidManifest.xml:53:5
	android:name
		ADDED from AndroidManifest.xml:53:22
uses-permission#android.permission.VIBRATE
ADDED from AndroidManifest.xml:54:5
	android:name
		ADDED from AndroidManifest.xml:54:22
uses-permission#android.permission.INTERNET
ADDED from AndroidManifest.xml:55:5
	android:name
		ADDED from AndroidManifest.xml:55:22
uses-permission#android.permission.ACCESS_NETWORK_STATE
ADDED from AndroidManifest.xml:56:5
	android:name
		ADDED from AndroidManifest.xml:56:22
uses-permission#android.permission.RECORD_AUDIO
ADDED from AndroidManifest.xml:57:5
	android:name
		ADDED from AndroidManifest.xml:57:22
supports-screens
ADDED from AndroidManifest.xml:64:5
	android:largeScreens
		ADDED from AndroidManifest.xml:66:9
	android:smallScreens
		ADDED from AndroidManifest.xml:69:9
	android:normalScreens
		ADDED from AndroidManifest.xml:67:9
	android:xlargeScreens
		ADDED from AndroidManifest.xml:70:9
	android:resizeable
		ADDED from AndroidManifest.xml:68:9
	android:anyDensity
		ADDED from AndroidManifest.xml:65:9
application
ADDED from AndroidManifest.xml:72:5
MERGED from com.android.support:design:22.2.1:22:5
MERGED from com.android.support:appcompat-v7:22.2.1:22:5
MERGED from com.android.support:support-v4:22.2.1:22:5
MERGED from com.android.support:support-v4:22.2.1:22:5
MERGED from com.afollestad:material-dialogs:0.7.6.0:12:5
MERGED from com.android.support:support-v4:22.2.1:22:5
MERGED from com.android.support:appcompat-v7:22.2.1:22:5
MERGED from com.android.support:support-v4:22.2.1:22:5
MERGED from com.android.support:support-v4:22.2.1:22:5
MERGED from net.i2p.android.ext:floatingactionbutton:1.9.0:12:5
MERGED from aokk:libkanjitree:unspecified:13:5
	android:label
		ADDED from AndroidManifest.xml:76:9
	android:windowSoftInputMode
		ADDED from AndroidManifest.xml:78:9
	android:allowBackup
		ADDED from AndroidManifest.xml:74:9
	android:icon
		ADDED from AndroidManifest.xml:75:9
		REJECTED from aokk:libkanjitree:unspecified:15:9
	android:largeHeap
		ADDED from AndroidManifest.xml:79:9
	android:theme
		ADDED from AndroidManifest.xml:77:9
	tools:replace
		ADDED from AndroidManifest.xml:80:9
	android:name
		ADDED from AndroidManifest.xml:73:9
activity#www.openeng.website.libkanjitree.ShowTree
ADDED from AndroidManifest.xml:82:9
MERGED from aokk:libkanjitree:unspecified:27:9
	android:label
		ADDED from aokk:libkanjitree:unspecified:29:13
	android:name
		ADDED from AndroidManifest.xml:82:19
activity#www.openeng.website.libkanjitree.SetupActivity
ADDED from AndroidManifest.xml:83:9
MERGED from aokk:libkanjitree:unspecified:31:9
	android:label
		ADDED from aokk:libkanjitree:unspecified:33:13
	android:name
		ADDED from AndroidManifest.xml:83:19
activity#website.openeng.kandroidpkg.IntentHandler
ADDED from AndroidManifest.xml:85:9
	android:label
		ADDED from AndroidManifest.xml:88:13
	android:configChanges
		ADDED from AndroidManifest.xml:87:13
	android:name
		ADDED from AndroidManifest.xml:86:13
intent-filter#android.intent.action.MAIN+android.intent.category.LAUNCHER+android.intent.category.MULTIWINDOW_LAUNCHER
ADDED from AndroidManifest.xml:89:13
action#android.intent.action.MAIN
ADDED from AndroidManifest.xml:90:17
	android:name
		ADDED from AndroidManifest.xml:90:25
category#android.intent.category.LAUNCHER
ADDED from AndroidManifest.xml:91:17
	android:name
		ADDED from AndroidManifest.xml:91:27
category#android.intent.category.MULTIWINDOW_LAUNCHER
ADDED from AndroidManifest.xml:92:17
	android:name
		ADDED from AndroidManifest.xml:92:27
intent-filter#android.intent.action.VIEW+android.intent.category.DEFAULT+website.openeng.category.DECK
ADDED from AndroidManifest.xml:94:13
action#android.intent.action.VIEW
ADDED from AndroidManifest.xml:95:17
	android:name
		ADDED from AndroidManifest.xml:95:25
category#website.openeng.category.DECK
ADDED from AndroidManifest.xml:97:17
	android:name
		ADDED from AndroidManifest.xml:97:27
category#android.intent.category.DEFAULT
ADDED from AndroidManifest.xml:98:17
	android:name
		ADDED from AndroidManifest.xml:98:27
data
ADDED from AndroidManifest.xml:100:17
	android:mimeType
		ADDED from AndroidManifest.xml:100:23
intent-filter#android.intent.action.VIEW+android.intent.category.BROWSABLE+android.intent.category.DEFAULT
ADDED from AndroidManifest.xml:102:13
category#android.intent.category.BROWSABLE
ADDED from AndroidManifest.xml:106:17
	android:name
		ADDED from AndroidManifest.xml:106:27
intent-filter#android.intent.action.VIEW+android.intent.category.DEFAULT
ADDED from AndroidManifest.xml:129:13
activity#website.openeng.kandroidpkg.DeckPicker
ADDED from AndroidManifest.xml:148:9
	android:label
		ADDED from AndroidManifest.xml:151:13
	android:configChanges
		ADDED from AndroidManifest.xml:150:13
	android:name
		ADDED from AndroidManifest.xml:149:13
activity#website.openeng.kandroidpkg.StudyOptionsActivity
ADDED from AndroidManifest.xml:153:9
	android:label
		ADDED from AndroidManifest.xml:156:13
	android:parentActivityName
		ADDED from AndroidManifest.xml:157:13
	android:configChanges
		ADDED from AndroidManifest.xml:155:13
	android:name
		ADDED from AndroidManifest.xml:154:13
meta-data#android.support.PARENT_ACTIVITY
ADDED from AndroidManifest.xml:159:13
	android:value
		ADDED from AndroidManifest.xml:161:17
	android:name
		ADDED from AndroidManifest.xml:160:17
activity#website.openeng.kandroidpkg.CardBrowser
ADDED from AndroidManifest.xml:163:9
	android:label
		ADDED from AndroidManifest.xml:166:13
	android:parentActivityName
		ADDED from AndroidManifest.xml:167:13
	android:configChanges
		ADDED from AndroidManifest.xml:165:13
	android:name
		ADDED from AndroidManifest.xml:164:13
activity#website.openeng.kandroidpkg.Reviewer
ADDED from AndroidManifest.xml:173:9
	android:parentActivityName
		ADDED from AndroidManifest.xml:177:13
	android:windowSoftInputMode
		ADDED from AndroidManifest.xml:176:13
	android:configChanges
		ADDED from AndroidManifest.xml:175:13
	android:name
		ADDED from AndroidManifest.xml:174:13
activity#website.openeng.kandroidpkg.VideoPlayer
ADDED from AndroidManifest.xml:183:9
	android:configChanges
		ADDED from AndroidManifest.xml:185:13
	android:theme
		ADDED from AndroidManifest.xml:186:13
	android:name
		ADDED from AndroidManifest.xml:184:13
activity#website.openeng.kandroidpkg.MyAccount
ADDED from AndroidManifest.xml:187:9
	android:label
		ADDED from AndroidManifest.xml:190:13
	android:configChanges
		ADDED from AndroidManifest.xml:189:13
	android:name
		ADDED from AndroidManifest.xml:188:13
activity#website.openeng.kandroidpkg.Preferences
ADDED from AndroidManifest.xml:191:9
	android:label
		ADDED from AndroidManifest.xml:194:13
	android:configChanges
		ADDED from AndroidManifest.xml:193:13
	android:theme
		ADDED from AndroidManifest.xml:195:13
	android:name
		ADDED from AndroidManifest.xml:192:13
activity#website.openeng.kandroidpkg.DeckOptions
ADDED from AndroidManifest.xml:196:9
	android:label
		ADDED from AndroidManifest.xml:199:13
	android:configChanges
		ADDED from AndroidManifest.xml:198:13
	android:theme
		ADDED from AndroidManifest.xml:200:13
	android:name
		ADDED from AndroidManifest.xml:197:13
activity#website.openeng.kandroidpkg.FilteredDeckOptions
ADDED from AndroidManifest.xml:201:9
	android:label
		ADDED from AndroidManifest.xml:204:13
	android:configChanges
		ADDED from AndroidManifest.xml:203:13
	android:theme
		ADDED from AndroidManifest.xml:205:13
	android:name
		ADDED from AndroidManifest.xml:202:13
activity#website.openeng.kandroidpkg.Info
ADDED from AndroidManifest.xml:206:9
	android:label
		ADDED from AndroidManifest.xml:209:13
	android:configChanges
		ADDED from AndroidManifest.xml:208:13
	android:name
		ADDED from AndroidManifest.xml:207:13
activity#website.openeng.kandroidpkg.NoteEditor
ADDED from AndroidManifest.xml:210:9
	android:label
		ADDED from AndroidManifest.xml:213:13
	android:configChanges
		ADDED from AndroidManifest.xml:212:13
	android:name
		ADDED from AndroidManifest.xml:211:13
intent-filter#android.intent.category.DEFAULT+org.openintents.action.CREATE_FLASHCARD
ADDED from AndroidManifest.xml:214:13
action#org.openintents.action.CREATE_FLASHCARD
ADDED from AndroidManifest.xml:215:17
	android:name
		ADDED from AndroidManifest.xml:215:25
intent-filter#android.intent.action.SEND+android.intent.category.DEFAULT
ADDED from AndroidManifest.xml:219:13
action#android.intent.action.SEND
ADDED from AndroidManifest.xml:220:17
	android:name
		ADDED from AndroidManifest.xml:220:25
activity#website.openeng.kandroidpkg.dialogs.KanjiDroidCrashReportDialog
ADDED from AndroidManifest.xml:227:9
	android:excludeFromRecents
		ADDED from AndroidManifest.xml:230:13
	android:launchMode
		ADDED from AndroidManifest.xml:229:13
	android:finishOnTaskLaunch
		ADDED from AndroidManifest.xml:231:13
	android:theme
		ADDED from AndroidManifest.xml:228:13
	android:name
		ADDED from AndroidManifest.xml:227:19
activity#website.openeng.kandroidpkg.Statistics
ADDED from AndroidManifest.xml:232:9
	android:parentActivityName
		ADDED from AndroidManifest.xml:236:13
	android:configChanges
		ADDED from AndroidManifest.xml:235:13
	android:theme
		ADDED from AndroidManifest.xml:234:13
	android:name
		ADDED from AndroidManifest.xml:233:13
activity#website.openeng.kandroidpkg.Previewer
ADDED from AndroidManifest.xml:242:9
	android:label
		ADDED from AndroidManifest.xml:245:13
	android:configChanges
		ADDED from AndroidManifest.xml:244:13
	android:name
		ADDED from AndroidManifest.xml:243:13
service#website.openeng.kandroidpkg.services.NotificationService
ADDED from AndroidManifest.xml:247:9
	android:name
		ADDED from AndroidManifest.xml:247:18
receiver#website.openeng.widget.KanjiDroidWidgetSmall
ADDED from AndroidManifest.xml:250:9
	android:label
		ADDED from AndroidManifest.xml:252:13
	android:name
		ADDED from AndroidManifest.xml:251:13
intent-filter#android.appwidget.action.APPWIDGET_UPDATE
ADDED from AndroidManifest.xml:253:13
action#android.appwidget.action.APPWIDGET_UPDATE
ADDED from AndroidManifest.xml:254:17
	android:name
		ADDED from AndroidManifest.xml:254:25
meta-data#android.appwidget.provider
ADDED from AndroidManifest.xml:257:13
	android:resource
		ADDED from AndroidManifest.xml:259:17
	android:name
		ADDED from AndroidManifest.xml:258:17
service#website.openeng.widget.KanjiDroidWidgetSmall$UpdateService
ADDED from AndroidManifest.xml:263:9
	android:name
		ADDED from AndroidManifest.xml:263:18
receiver#website.openeng.kandroidpkg.receiver.SdCardReceiver
ADDED from AndroidManifest.xml:295:9
	android:enabled
		ADDED from AndroidManifest.xml:297:13
	android:exported
		ADDED from AndroidManifest.xml:298:13
	android:name
		ADDED from AndroidManifest.xml:296:13
intent-filter#android.intent.action.MEDIA_MOUNTED
ADDED from AndroidManifest.xml:299:13
action#android.intent.action.MEDIA_MOUNTED
ADDED from AndroidManifest.xml:300:17
	android:name
		ADDED from AndroidManifest.xml:300:25
intent-filter#android.intent.action.MEDIA_EJECT
ADDED from AndroidManifest.xml:304:13
action#android.intent.action.MEDIA_EJECT
ADDED from AndroidManifest.xml:305:17
	android:name
		ADDED from AndroidManifest.xml:305:25
activity#website.openeng.kandroidpkg.multimediacard.activity.MultimediaEditFieldActivity
ADDED from AndroidManifest.xml:311:9
	android:label
		ADDED from AndroidManifest.xml:314:13
	android:configChanges
		ADDED from AndroidManifest.xml:313:13
	android:name
		ADDED from AndroidManifest.xml:312:13
activity#website.openeng.kandroidpkg.multimediacard.activity.TranslationActivity
ADDED from AndroidManifest.xml:316:9
	android:label
		ADDED from AndroidManifest.xml:319:13
	android:configChanges
		ADDED from AndroidManifest.xml:318:13
	android:name
		ADDED from AndroidManifest.xml:317:13
activity#website.openeng.kandroidpkg.multimediacard.activity.LoadPronounciationActivity
ADDED from AndroidManifest.xml:321:9
	android:label
		ADDED from AndroidManifest.xml:324:13
	android:configChanges
		ADDED from AndroidManifest.xml:323:13
	android:name
		ADDED from AndroidManifest.xml:322:13
activity#website.openeng.kandroidpkg.multimediacard.activity.SearchImageActivity
ADDED from AndroidManifest.xml:326:9
	android:label
		ADDED from AndroidManifest.xml:329:13
	android:configChanges
		ADDED from AndroidManifest.xml:328:13
	android:name
		ADDED from AndroidManifest.xml:327:13
activity#website.openeng.kandroidpkg.CardTemplateEditor
ADDED from AndroidManifest.xml:331:9
	android:label
		ADDED from AndroidManifest.xml:334:13
	android:windowSoftInputMode
		ADDED from AndroidManifest.xml:335:13
	android:configChanges
		ADDED from AndroidManifest.xml:333:13
	android:name
		ADDED from AndroidManifest.xml:332:13
uses-library#com.sec.android.app.multiwindow
ADDED from AndroidManifest.xml:338:9
	android:required
		ADDED from AndroidManifest.xml:340:13
	android:name
		ADDED from AndroidManifest.xml:339:13
meta-data#com.sec.android.support.multiwindow
ADDED from AndroidManifest.xml:342:9
	android:value
		ADDED from AndroidManifest.xml:344:13
	android:name
		ADDED from AndroidManifest.xml:343:13
meta-data#com.sec.minimode.icon.portrait.normal
ADDED from AndroidManifest.xml:345:9
	android:resource
		ADDED from AndroidManifest.xml:347:13
	android:name
		ADDED from AndroidManifest.xml:346:13
meta-data#com.sec.minimode.icon.landscape.normal
ADDED from AndroidManifest.xml:348:9
	android:resource
		ADDED from AndroidManifest.xml:350:13
	android:name
		ADDED from AndroidManifest.xml:349:13
provider#website.openeng.kandroidpkg.provider.CardContentProvider
ADDED from AndroidManifest.xml:352:9
	android:authorities
		ADDED from AndroidManifest.xml:354:13
	android:enabled
		ADDED from AndroidManifest.xml:355:13
	android:exported
		ADDED from AndroidManifest.xml:356:13
	android:name
		ADDED from AndroidManifest.xml:353:13
activity#www.openeng.website.libkanjitree.KanjiPrompt
ADDED from aokk:libkanjitree:unspecified:18:9
	android:label
		ADDED from aokk:libkanjitree:unspecified:20:13
	android:name
		ADDED from aokk:libkanjitree:unspecified:19:13
intent-filter#android.intent.action.MAIN+android.intent.category.LAUNCHER
ADDED from aokk:libkanjitree:unspecified:21:13
intent-filter#android.intent.category.DEFAULT
ADDED from aokk:libkanjitree:unspecified:34:13